$ cargo test
   Compiling guessing_game v0.1.0 (file:///projects/guessing_game)
    Finished test [unoptimized + debuginfo] target(s) in 0.66s
     Running target/debug/deps/guessing_game-57d70c3acb738f4d

running 1 test
test tests::greater_than_100 ... FAILED

failures:

---- tests::greater_than_100 stdout ----
thread 'main' panicked at '猜測數字必須大於等於 1，取得的數值是 200。', src/lib.rs:13:13
note: run with `RUST_BACKTRACE=1` environment variable to display a backtrace.
note: panic did not contain expected string
      panic message: `"猜測數字必須大於等於 1，取得的數值是 200。"`,
 expected substring: `"猜測數字必須小於等於 100"`

failures:
    tests::greater_than_100

test result: FAILED. 0 passed; 1 failed; 0 ignored; 0 measured; 0 filtered out

error: test failed, to rerun pass '--lib'
